<html>
<body>
<pre>
<h1>µVision Build Log</h1>
<h2>Project:</h2>
U:\estrasni\project\UVFrameworkHSMTemplate.uvproj
Project File Date:  02/21/2016

<h2>Output:</h2>
Build target 'BaseFrameworkTarget'
compiling HSMTemplateMain.c...
compiling EventCheckers.c...
compiling MapKeys.c...
compiling HSMTemplate.c...
compiling TopHSMTemplate.c...
compiling Master_SM.c...
.\Headers\PACLogic_SM.h(24): warning:  #1295-D: Deprecated declaration GetTargetFrequencyIndex - give arg types
  uint8_t GetTargetFrequencyIndex();
Source\Master_SM.c: 1 warning, 0 errors
compiling CapturePS_SM.c...
.\Headers\PACLogic_SM.h(24): warning:  #1295-D: Deprecated declaration GetTargetFrequencyIndex - give arg types
  uint8_t GetTargetFrequencyIndex();
Source\CapturePS_SM.c: 1 warning, 0 errors
compiling PACLogic_SM.c...
.\Headers\PACLogic_SM.h(24): warning:  #1295-D: Deprecated declaration GetTargetFrequencyIndex - give arg types
  uint8_t GetTargetFrequencyIndex();
Source\PACLogic_SM.c(461): warning:  #1-D: last line of file ends without a newline
  }
Source\PACLogic_SM.c: 2 warnings, 0 errors
compiling Request_SM.c...
.\Headers\PACLogic_SM.h(24): warning:  #1295-D: Deprecated declaration GetTargetFrequencyIndex - give arg types
  uint8_t GetTargetFrequencyIndex();
Source\Request_SM.c: 1 warning, 0 errors
compiling Helpers.c...
compiling SendingByte_SM.c...
.\Headers\PACLogic_SM.h(24): warning:  #1295-D: Deprecated declaration GetTargetFrequencyIndex - give arg types
  uint8_t GetTargetFrequencyIndex();
Source\SendingByte_SM.c: 1 warning, 0 errors
compiling SendingCMD_SM.c...
.\Headers\PACLogic_SM.h(24): warning:  #1295-D: Deprecated declaration GetTargetFrequencyIndex - give arg types
  uint8_t GetTargetFrequencyIndex();
Source\SendingCMD_SM.c: 1 warning, 0 errors
compiling AttackStrategy_SM.c...
compiling HallEffect_SM.c...
.\Headers\PACLogic_SM.h(24): warning:  #1295-D: Deprecated declaration GetTargetFrequencyIndex - give arg types
  uint8_t GetTargetFrequencyIndex();
Source\HallEffect_SM.c(55): warning:  #1295-D: Deprecated declaration initializeHEInterrupts - give arg types
  void initializeHEInterrupts();
Source\HallEffect_SM.c(56): warning:  #1295-D: Deprecated declaration enableHEInterrupts - give arg types
  void enableHEInterrupts();
Source\HallEffect_SM.c(57): warning:  #1295-D: Deprecated declaration disableHEInterrupts - give arg types
  void disableHEInterrupts();
Source\HallEffect_SM.c(441): warning:  #177-D: variable "PS_Detected" was declared but never referenced
        bool PS_Detected = false;
Source\HallEffect_SM.c(518): warning:  #1-D: last line of file ends without a newline
  }     
Source\HallEffect_SM.c: 6 warnings, 0 errors
compiling Attack_SM.c...
compiling PositionLogic_Service.c...
Source\PositionLogic_Service.c(42): warning:  #1295-D: Deprecated declaration DetermineDistanceToTarget - give arg types
  static float DetermineDistanceToTarget();
Source\PositionLogic_Service.c: 1 warning, 0 errors
compiling PhotoTransistor_Service.c...
Source\PhotoTransistor_Service.c(317): warning:  #1-D: last line of file ends without a newline
  }
Source\PhotoTransistor_Service.c: 1 warning, 0 errors
compiling PWM_Service.c...
Source\PWM_Service.c(56): error:  #20: identifier "PERISCOPE_LATCH_PWM" is undefined
        InitPWM(PERISCOPE_LATCH_PWM_PARAMATERS);
Source\PWM_Service.c(56): error:  #165: too few arguments in function call
        InitPWM(PERISCOPE_LATCH_PWM_PARAMATERS);
Source\PWM_Service.c(157): error:  #20: identifier "PERISCOPE_LATCH_PWM" is undefined
        setPWM_value(duty, PERISCOPE_LATCH_PWM_PARAMATERS);
Source\PWM_Service.c(157): error:  #165: too few arguments in function call
        setPWM_value(duty, PERISCOPE_LATCH_PWM_PARAMATERS);
Source\PWM_Service.c(158): warning:  #1-D: last line of file ends without a newline
  }
Source\PWM_Service.c: 1 warning, 4 errors
compiling DriveTrainControl_Service.c...
Source\DriveTrainControl_Service.c(168): warning:  #177-D: variable "forward" was declared but never referenced
                static bool forward = true;
Source\DriveTrainControl_Service.c(462): warning:  #1035-D: single-precision operand implicitly converted to double-precision
                        setTargetDriveSpeed(DEFAULT_DRIVE_RPM, (((float) rightTicks) / leftTicks) * DEFAULT_DRIVE_RPM);
Source\DriveTrainControl_Service.c(466): warning:  #1035-D: single-precision operand implicitly converted to double-precision
                        setTargetDriveSpeed(DEFAULT_DRIVE_RPM, (((float) leftTicks) / rightTicks) * DEFAULT_DRIVE_RPM);
Source\DriveTrainControl_Service.c(82): warning:  #550-D: variable "displayinfo" was set but never used
  static bool displayinfo = false;
Source\DriveTrainControl_Service.c(84): warning:  #177-D: variable "testvar" was declared but never referenced
  static int testvar;
Source\DriveTrainControl_Service.c: 5 warnings, 0 errors
compiling CannonControl_Service.c...
compiling PeriscopeControl_Service.c...
Source\PeriscopeControl_Service.c(183): warning:  #1-D: last line of file ends without a newline
  }
Source\PeriscopeControl_Service.c: 1 warning, 0 errors
compiling EnemyCaptureQueue.c...
Source\EnemyCaptureQueue.c(92): warning:  #1-D: last line of file ends without a newline
  }
Source\EnemyCaptureQueue.c: 1 warning, 0 errors
compiling Strategy_SM.c...
Source\Strategy_SM.c(309): warning:  #69-D: integer conversion resulted in truncation
                                ES_Timer_InitTimer(GAME_TIMER, GAME_TIMER_T);
Source\Strategy_SM.c(582): warning:  #1-D: last line of file ends without a newline
  }
Source\Strategy_SM.c: 2 warnings, 0 errors
compiling GameInfo.c...
Source\GameInfo.c(149): warning:  #1-D: last line of file ends without a newline
  }
Source\GameInfo.c: 1 warning, 0 errors
compiling EnablePA25_PB23_PD7_PF0.c...
assembling startup_rvmdk.S...
compiling ES_CheckEvents.c...
compiling ES_DeferRecall.c...
compiling ES_Framework.c...
compiling ES_LookupTables.c...
compiling ES_Port.c...
compiling ES_PostList.c...
compiling ES_Queue.c...
compiling ES_Timers.c...
compiling retarget.c...
compiling termio.c...
compiling uartstdio.c...
".\Outputs\BaseTarget.axf" - 4 Error(s), 26 Warning(s).
Target not created
